<?xml version="1.0" encoding="UTF-8" ?>
<testsuite errors="0" failures="0" hostname="host-001.elisa" name="Peli.PinoTest" tests="11" time="0.113" timestamp="2012-08-18T13:40:34">
  <properties>
    <property name="default.javac.source" value="1.6" />
    <property name="file.encoding.pkg" value="sun.io" />
    <property name="libs.toplink.maven-pom" value="" />
    <property name="javac.source" value="1.6" />
    <property name="netbeans.system_http_proxy" value="DIRECT" />
    <property name="java.home" value="/System/Library/Java/JavaVirtualMachines/1.6.0.jdk/Contents/Home" />
    <property name="libs.eclipselinkmodelgen.classpath" value="/Applications/NetBeans/NetBeans 7.0.1.app/Contents/Resources/NetBeans/java/modules/ext/eclipselink/eclipselink-jpa-modelgen-2.2.0.jar" />
    <property name="do.archive+manifest.available+main.class" value="true" />
    <property name="test.src.dir" value="test" />
    <property name="libs.jaxws21.src" value="" />
    <property name="javadoc.version" value="false" />
    <property name="libs.CopyLibs.classpath" value="/Applications/NetBeans/NetBeans 7.0.1.app/Contents/Resources/NetBeans/java/ant/extra/org-netbeans-modules-java-j2seproject-copylibstask.jar" />
    <property name="libs.javac-api.src" value="" />
    <property name="apple.awt.graphics.UseOpenGL" value="false" />
    <property name="java.endorsed.dirs" value="/System/Library/Java/JavaVirtualMachines/1.6.0.jdk/Contents/Home/lib/endorsed" />
    <property name="libs.MySQLDriver.classpath" value="/Applications/NetBeans/NetBeans 7.0.1.app/Contents/Resources/NetBeans/ide/modules/ext/mysql-connector-java-5.1.13-bin.jar" />
    <property name="libs.jaxb.javadoc" value="/Applications/NetBeans/NetBeans 7.0.1.app/Contents/Resources/NetBeans/ide/docs/jaxb-api-doc.zip" />
    <property name="libs.junit.maven-pom" value="" />
    <property name="libs.PostgreSQLDriver.src" value="" />
    <property name="src.dir" value="src" />
    <property name="sun.java2d.noddraw" value="true" />
    <property name="debug-args-line" value="-Xdebug" />
    <property name="netbeans.hash.code" value="unique=NB_JAVA09e5e7c16-833c-4d37-b2d6-5439fa544436_d4d38986-8dfb-4b72-b64a-354bbd2935f2" />
    <property name="build.sysclasspath" value="ignore" />
    <property name="have.sources" value="true" />
    <property name="includes" value="**" />
    <property name="javac.fork" value="false" />
    <property name="source.encoding" value="UTF-8" />
    <property name="libs.jaxws21.classpath" value="/Applications/NetBeans/NetBeans 7.0.1.app/Contents/Resources/NetBeans/ide/modules/ext/jaxb/jaxb-impl.jar:/Applications/NetBeans/NetBeans 7.0.1.app/Contents/Resources/NetBeans/ide/modules/ext/jaxb/jaxb-xjc.jar:/Applications/NetBeans/NetBeans 7.0.1.app/Contents/Resources/NetBeans/java/modules/ext/jaxws22/FastInfoset.jar:/Applications/NetBeans/NetBeans 7.0.1.app/Contents/Resources/NetBeans/java/modules/ext/jaxws22/gmbal-api-only.jar:/Applications/NetBeans/NetBeans 7.0.1.app/Contents/Resources/NetBeans/java/modules/ext/jaxws22/http.jar:/Applications/NetBeans/NetBeans 7.0.1.app/Contents/Resources/NetBeans/java/modules/ext/jaxws22/jaxws-rt.jar:/Applications/NetBeans/NetBeans 7.0.1.app/Contents/Resources/NetBeans/java/modules/ext/jaxws22/jaxws-tools.jar:/Applications/NetBeans/NetBeans 7.0.1.app/Contents/Resources/NetBeans/java/modules/ext/jaxws22/management-api.jar:/Applications/NetBeans/NetBeans 7.0.1.app/Contents/Resources/NetBeans/java/modules/ext/jaxws22/mimepull.jar:/Applications/NetBeans/NetBeans 7.0.1.app/Contents/Resources/NetBeans/java/modules/ext/jaxws22/policy.jar:/Applications/NetBeans/NetBeans 7.0.1.app/Contents/Resources/NetBeans/java/modules/ext/jaxws22/saaj-impl.jar:/Applications/NetBeans/NetBeans 7.0.1.app/Contents/Resources/NetBeans/java/modules/ext/jaxws22/stax-ex.jar:/Applications/NetBeans/NetBeans 7.0.1.app/Contents/Resources/NetBeans/java/modules/ext/jaxws22/streambuffer.jar:/Applications/NetBeans/NetBeans 7.0.1.app/Contents/Resources/NetBeans/java/modules/ext/jaxws22/woodstox.jar:/Applications/NetBeans/NetBeans 7.0.1.app/Contents/Resources/NetBeans/java/modules/ext/jaxws22/api/jaxws-api.jar:/Applications/NetBeans/NetBeans 7.0.1.app/Contents/Resources/NetBeans/java/modules/ext/jaxws22/api/jsr181-api.jar:/Applications/NetBeans/NetBeans 7.0.1.app/Contents/Resources/NetBeans/java/modules/ext/jaxws22/api/jsr250-api.jar:/Applications/NetBeans/NetBeans 7.0.1.app/Contents/Resources/NetBeans/java/modules/ext/jaxws22/api/saaj-api.jar:/Applications/NetBeans/NetBeans 7.0.1.app/Contents/Resources/NetBeans/ide/modules/ext/jaxb/activation.jar:/Applications/NetBeans/NetBeans 7.0.1.app/Contents/Resources/NetBeans/ide/modules/ext/jaxb/api/jaxb-api.jar:/Applications/NetBeans/NetBeans 7.0.1.app/Contents/Resources/NetBeans/ide/modules/ext/jaxb/api/jsr173_api.jar" />
    <property name="libs.swing-app-framework.javadoc" value="/Applications/NetBeans/NetBeans 7.0.1.app/Contents/Resources/NetBeans/java/docs/appframework-1.0.3-doc.zip" />
    <property name="sun.os.patch.level" value="unknown" />
    <property name="java.vendor.url" value="http://www.apple.com/" />
    <property name="java.version" value="1.6.0_33" />
    <property name="nb.show.statistics.ui" value="usageStatisticsEnabled" />
    <property name="javac.debug" value="true" />
    <property name="org.openide.major.version" value="IDE/1" />
    <property name="run.classpath" value="/Applications/NetBeans/NetBeans 7.0.1.app/Contents/Resources/NetBeans/platform/modules/ext/swing-layout-1.0.4.jar:build/classes" />
    <property name="libs.PostgreSQLDriver.maven-pom" value="" />
    <property name="java.vendor.url.bug" value="http://bugreport.apple.com/" />
    <property name="netbeans.autoupdate.variant" value="" />
    <property name="libs.eclipselink.javadoc" value="" />
    <property name="libs.absolutelayout.javadoc" value="" />
    <property name="libs.junit_4.maven-pom" value="" />
    <property name="netbeans.buildnumber" value="201107282000" />
    <property name="ant.project.invoked-targets" value="test" />
    <property name="jna.platform.library.path" value="/usr/lib:/usr/lib" />
    <property name="annotation.processing.run.all.processors" value="true" />
    <property name="manifest.file" value="manifest.mf" />
    <property name="libs.swing-app-framework.maven-pom" value="" />
    <property name="user.name" value="Piia" />
    <property name="manifest.available+main.class+mkdist.available" value="true" />
    <property name="libs.eclipselinkmodelgen.src" value="" />
    <property name="empty.dir" value="/Users/Piia/Desktop/Spider-pasianssi/Spider-pasianssi/build/empty" />
    <property name="sun.io.unicode.encoding" value="UnicodeLittle" />
    <property name="sun.jnu.encoding" value="MacRoman" />
    <property name="java.runtime.name" value="Java(TM) SE Runtime Environment" />
    <property name="application.vendor" value="Piia" />
    <property name="jdk.home" value="/System/Library/Java/JavaVirtualMachines/1.6.0.jdk/Contents/Home" />
    <property name="netbeans.autoupdate.version" value="1.23" />
    <property name="netbeans.dirs" value="/Applications/NetBeans/NetBeans 7.0.1.app/Contents/Resources/NetBeans/nb:/Applications/NetBeans/NetBeans 7.0.1.app/Contents/MacOS/../Resources/NetBeans/bin/../ergonomics:/Applications/NetBeans/NetBeans 7.0.1.app/Contents/Resources/NetBeans/ide:/Applications/NetBeans/NetBeans 7.0.1.app/Contents/Resources/NetBeans/java:/Applications/NetBeans/NetBeans 7.0.1.app/Contents/MacOS/../Resources/NetBeans/bin/../xml:/Applications/NetBeans/NetBeans 7.0.1.app/Contents/Resources/NetBeans/apisupport:/Applications/NetBeans/NetBeans 7.0.1.app/Contents/MacOS/../Resources/NetBeans/bin/../webcommon:/Applications/NetBeans/NetBeans 7.0.1.app/Contents/Resources/NetBeans/websvccommon:/Applications/NetBeans/NetBeans 7.0.1.app/Contents/Resources/NetBeans/enterprise:/Applications/NetBeans/NetBeans 7.0.1.app/Contents/MacOS/../Resources/NetBeans/bin/../mobility:/Applications/NetBeans/NetBeans 7.0.1.app/Contents/Resources/NetBeans/profiler:/Applications/NetBeans/NetBeans 7.0.1.app/Contents/Resources/NetBeans/ruby:/Applications/NetBeans/NetBeans 7.0.1.app/Contents/MacOS/../Resources/NetBeans/bin/../python:/Applications/NetBeans/NetBeans 7.0.1.app/Contents/MacOS/../Resources/NetBeans/bin/../php:/Applications/NetBeans/NetBeans 7.0.1.app/Contents/MacOS/../Resources/NetBeans/bin/../visualweb:/Applications/NetBeans/NetBeans 7.0.1.app/Contents/MacOS/../Resources/NetBeans/bin/../soa:/Applications/NetBeans/NetBeans 7.0.1.app/Contents/MacOS/../Resources/NetBeans/bin/../identity:/Applications/NetBeans/NetBeans 7.0.1.app/Contents/MacOS/../Resources/NetBeans/bin/../uml:/Applications/NetBeans/NetBeans 7.0.1.app/Contents/Resources/NetBeans/harness:/Applications/NetBeans/NetBeans 7.0.1.app/Contents/MacOS/../Resources/NetBeans/bin/../cnd:/Applications/NetBeans/NetBeans 7.0.1.app/Contents/Resources/NetBeans/dlight:/Applications/NetBeans/NetBeans 7.0.1.app/Contents/MacOS/../Resources/NetBeans/bin/../groovy:/Applications/NetBeans/NetBeans 7.0.1.app/Contents/MacOS/../Resources/NetBeans/bin/../extra:/Applications/NetBeans/NetBeans 7.0.1.app/Contents/MacOS/../Resources/NetBeans/bin/../javafx:/Applications/NetBeans/NetBeans 7.0.1.app/Contents/MacOS/../Resources/NetBeans/bin/../javacard:" />
    <property name="main.class.available" value="true" />
    <property name="java.specification.name" value="Java Platform API Specification" />
    <property name="sun.awt.datatransfer.timeout" value="1000" />
    <property name="javadoc.author" value="false" />
    <property name="libs.hibernate-support.javadoc" value="" />
    <property name="ap.proc.none.internal" value="" />
    <property name="ftp.nonProxyHosts" value="local|*.local|169.254/16|*.169.254/16" />
    <property name="user.timezone" value="" />
    <property name="netbeans.system_http_non_proxy_hosts" value="" />
    <property name="manifest.available" value="true" />
    <property name="libs.spring-framework.maven-pom" value="" />
    <property name="libs.swing-layout.maven-pom" value="" />
    <property name="libs.junit.javadoc" value="/Applications/NetBeans/NetBeans 7.0.1.app/Contents/Resources/NetBeans/java/docs/junit-3.8.2-api.zip" />
    <property name="org.openide.specification.version" value="6.2" />
    <property name="path.separator" value=":" />
    <property name="version-output" value="java version &quot;1.6" />
    <property name="libs.ejb3-persistence.src" value="" />
    <property name="libs.absolutelayout.classpath" value="/Users/Piia/NetBeansProjects/GameOfLife/gameoflife.jar:/Applications/NetBeans/NetBeans 7.0.1.app/Contents/Resources/NetBeans/java/modules/ext/AbsoluteLayout.jar" />
    <property name="libs.jaxb.maven-pom" value="" />
    <property name="netbeans.accept_license_class" value="org.netbeans.license.AcceptLicense" />
    <property name="file.encoding" value="MacRoman" />
    <property name="libs.eclipselink.src" value="" />
    <property name="dist.javadoc.dir" value="dist/javadoc" />
    <property name="ant.project.default-target" value="default" />
    <property name="libs.hibernate-persistence.javadoc" value="" />
    <property name="libs.ejb3-persistence.classpath" value="/Applications/NetBeans/NetBeans 7.0.1.app/Contents/Resources/NetBeans/java/modules/ext/hibernate/ejb3-persistence.jar" />
    <property name="sun.java.command" value="org.apache.tools.ant.taskdefs.optional.junit.JUnitTestRunner Peli.PinoTest filtertrace=true haltOnError=false haltOnFailure=false showoutput=true outputtoformatters=true logfailedtests=true logtestlistenerevents=true formatter=org.apache.tools.ant.taskdefs.optional.junit.BriefJUnitResultFormatter formatter=org.apache.tools.ant.taskdefs.optional.junit.XMLJUnitResultFormatter,/Users/Piia/Desktop/Spider-pasianssi/Spider-pasianssi/build/test/results/TEST-Peli.PinoTest.xml crashfile=/Users/Piia/Desktop/Spider-pasianssi/Spider-pasianssi/build/junitvmwatcher3533920568951523647.properties propsfile=/Users/Piia/Desktop/Spider-pasianssi/Spider-pasianssi/build/junit3529768114773964332.properties" />
    <property name="built-jar.properties" value="/Users/Piia/Desktop/Spider-pasianssi/Spider-pasianssi/build/built-jar.properties" />
    <property name="libs.junit.src" value="" />
    <property name="socksNonProxyHosts" value="local|*.local|169.254/16|*.169.254/16" />
    <property name="ant.junit.enabletestlistenerevents" value="true" />
    <property name="ant.file" value="/Users/Piia/Desktop/Spider-pasianssi/Spider-pasianssi/build.xml" />
    <property name="libs.junit_4.src" value="/Applications/NetBeans/NetBeans 7.0.1.app/Contents/Resources/NetBeans/java/docs/junit-4.8.2-src.jar" />
    <property name="ant.file.Spider-pasianssi-impl" value="/Users/Piia/Desktop/Spider-pasianssi/Spider-pasianssi/nbproject/build-impl.xml" />
    <property name="netbeans.autoupdate.language" value="fi" />
    <property name="do.jar" value="true" />
    <property name="java.io.tmpdir" value="/var/folders/wx/sn3psfbs16x5nr19kv6qzjph0000gn/T/" />
    <property name="build.test.results.dir" value="build/test/results" />
    <property name="user.language" value="fi" />
    <property name="libs.spring-framework300.src" value="" />
    <property name="line.separator" value="&#xa;" />
    <property name="apple.laf.useScreenMenuBar" value="true" />
    <property name="libs.absolutelayout.src" value="" />
    <property name="javac.compilerargs" value="" />
    <property name="libs.hibernate-support.maven-pom" value="" />
    <property name="jar.compress" value="false" />
    <property name="debug-transport-by-os" value="dt_socket" />
    <property name="libs.JWSAntTasks.src" value="" />
    <property name="libs.hibernate-persistence.maven-pom" value="" />
    <property name="java.vm.info" value="mixed mode" />
    <property name="libs.javac-api.maven-pom" value="" />
    <property name="javadoc.private" value="false" />
    <property name="annotation.processing.processors.list" value="" />
    <property name="build.test.classes.dir" value="build/test/classes" />
    <property name="java.vm.specification.name" value="Java Virtual Machine Specification" />
    <property name="libs.jaxb.src" value="" />
    <property name="libs.MySQLDriver.javadoc" value="" />
    <property name="netbeans.dynamic.classpath" value="/Applications/NetBeans/NetBeans 7.0.1.app/Contents/Resources/NetBeans/platform/core/core.jar:/Applications/NetBeans/NetBeans 7.0.1.app/Contents/Resources/NetBeans/platform/core/org-openide-filesystems.jar:/Applications/NetBeans/NetBeans 7.0.1.app/Contents/Resources/NetBeans/platform/core/locale/core_ja.jar:/Applications/NetBeans/NetBeans 7.0.1.app/Contents/Resources/NetBeans/platform/core/locale/core_pt_BR.jar:/Applications/NetBeans/NetBeans 7.0.1.app/Contents/Resources/NetBeans/platform/core/locale/core_ru.jar:/Applications/NetBeans/NetBeans 7.0.1.app/Contents/Resources/NetBeans/platform/core/locale/core_zh_CN.jar:/Applications/NetBeans/NetBeans 7.0.1.app/Contents/Resources/NetBeans/platform/core/locale/org-openide-filesystems_ja.jar:/Applications/NetBeans/NetBeans 7.0.1.app/Contents/Resources/NetBeans/platform/core/locale/org-openide-filesystems_pt_BR.jar:/Applications/NetBeans/NetBeans 7.0.1.app/Contents/Resources/NetBeans/platform/core/locale/org-openide-filesystems_ru.jar:/Applications/NetBeans/NetBeans 7.0.1.app/Contents/Resources/NetBeans/platform/core/locale/org-openide-filesystems_zh_CN.jar:/Applications/NetBeans/NetBeans 7.0.1.app/Contents/Resources/NetBeans/nb/core/org-netbeans-upgrader.jar:/Applications/NetBeans/NetBeans 7.0.1.app/Contents/Resources/NetBeans/nb/core/locale/core_nb.jar:/Applications/NetBeans/NetBeans 7.0.1.app/Contents/Resources/NetBeans/nb/core/locale/core_nb_ja.jar:/Applications/NetBeans/NetBeans 7.0.1.app/Contents/Resources/NetBeans/nb/core/locale/core_nb_pt_BR.jar:/Applications/NetBeans/NetBeans 7.0.1.app/Contents/Resources/NetBeans/nb/core/locale/core_nb_ru.jar:/Applications/NetBeans/NetBeans 7.0.1.app/Contents/Resources/NetBeans/nb/core/locale/core_nb_zh_CN.jar:/Applications/NetBeans/NetBeans 7.0.1.app/Contents/Resources/NetBeans/nb/core/locale/org-netbeans-upgrader_ja.jar:/Applications/NetBeans/NetBeans 7.0.1.app/Contents/Resources/NetBeans/nb/core/locale/org-netbeans-upgrader_pt_BR.jar:/Applications/NetBeans/NetBeans 7.0.1.app/Contents/Resources/NetBeans/nb/core/locale/org-netbeans-upgrader_ru.jar:/Applications/NetBeans/NetBeans 7.0.1.app/Contents/Resources/NetBeans/nb/core/locale/org-netbeans-upgrader_zh_CN.jar" />
    <property name="manifest.available+main.class" value="true" />
    <property name="libs.beans-binding.javadoc" value="/Applications/NetBeans/NetBeans 7.0.1.app/Contents/Resources/NetBeans/java/docs/beansbinding-1.2.1-doc.zip" />
    <property name="platform.active" value="default_platform" />
    <property name="ap.cmd.line.internal" value="" />
    <property name="jdkBug6558476" value="false" />
    <property name="libs.spring-framework300.classpath" value="/Applications/NetBeans/NetBeans 7.0.1.app/Contents/Resources/NetBeans/ide/modules/ext/commons-logging-1.1.jar:/Applications/NetBeans/NetBeans 7.0.1.app/Contents/Resources/NetBeans/java/modules/ext/cglib-2.2.jar:/Applications/NetBeans/NetBeans 7.0.1.app/Contents/Resources/NetBeans/java/modules/ext/spring-3.0/spring-aop-3.0.2.RELEASE.jar:/Applications/NetBeans/NetBeans 7.0.1.app/Contents/Resources/NetBeans/java/modules/ext/spring-3.0/spring-asm-3.0.2.RELEASE.jar:/Applications/NetBeans/NetBeans 7.0.1.app/Contents/Resources/NetBeans/java/modules/ext/spring-3.0/spring-aspects-3.0.2.RELEASE.jar:/Applications/NetBeans/NetBeans 7.0.1.app/Contents/Resources/NetBeans/java/modules/ext/spring-3.0/spring-beans-3.0.2.RELEASE.jar:/Applications/NetBeans/NetBeans 7.0.1.app/Contents/Resources/NetBeans/java/modules/ext/spring-3.0/spring-context-3.0.2.RELEASE.jar:/Applications/NetBeans/NetBeans 7.0.1.app/Contents/Resources/NetBeans/java/modules/ext/spring-3.0/spring-context-support-3.0.2.RELEASE.jar:/Applications/NetBeans/NetBeans 7.0.1.app/Contents/Resources/NetBeans/java/modules/ext/spring-3.0/spring-core-3.0.2.RELEASE.jar:/Applications/NetBeans/NetBeans 7.0.1.app/Contents/Resources/NetBeans/java/modules/ext/spring-3.0/spring-expression-3.0.2.RELEASE.jar:/Applications/NetBeans/NetBeans 7.0.1.app/Contents/Resources/NetBeans/java/modules/ext/spring-3.0/spring-instrument-3.0.2.RELEASE.jar:/Applications/NetBeans/NetBeans 7.0.1.app/Contents/Resources/NetBeans/java/modules/ext/spring-3.0/spring-instrument-tomcat-3.0.2.RELEASE.jar:/Applications/NetBeans/NetBeans 7.0.1.app/Contents/Resources/NetBeans/java/modules/ext/spring-3.0/spring-jdbc-3.0.2.RELEASE.jar:/Applications/NetBeans/NetBeans 7.0.1.app/Contents/Resources/NetBeans/java/modules/ext/spring-3.0/spring-jms-3.0.2.RELEASE.jar:/Applications/NetBeans/NetBeans 7.0.1.app/Contents/Resources/NetBeans/java/modules/ext/spring-3.0/spring-orm-3.0.2.RELEASE.jar:/Applications/NetBeans/NetBeans 7.0.1.app/Contents/Resources/NetBeans/java/modules/ext/spring-3.0/spring-oxm-3.0.2.RELEASE.jar:/Applications/NetBeans/NetBeans 7.0.1.app/Contents/Resources/NetBeans/java/modules/ext/spring-3.0/spring-test-3.0.2.RELEASE.jar:/Applications/NetBeans/NetBeans 7.0.1.app/Contents/Resources/NetBeans/java/modules/ext/spring-3.0/spring-tx-3.0.2.RELEASE.jar:/Applications/NetBeans/NetBeans 7.0.1.app/Contents/Resources/NetBeans/java/modules/ext/spring-3.0/spring-web-3.0.2.RELEASE.jar:/Applications/NetBeans/NetBeans 7.0.1.app/Contents/Resources/NetBeans/java/modules/ext/spring-3.0/spring-webmvc-portlet-3.0.2.RELEASE.jar:/Applications/NetBeans/NetBeans 7.0.1.app/Contents/Resources/NetBeans/java/modules/ext/spring-3.0/spring-webmvc-3.0.2.RELEASE.jar:/Applications/NetBeans/NetBeans 7.0.1.app/Contents/Resources/NetBeans/java/modules/ext/spring-3.0/spring-struts-3.0.2.RELEASE.jar" />
    <property name="http.nonProxyHosts" value="local|*.local|169.254/16|*.169.254/16" />
    <property name="libs.junit_4.javadoc" value="/Applications/NetBeans/NetBeans 7.0.1.app/Contents/Resources/NetBeans/java/docs/junit-4.8.2-api.zip" />
    <property name="endorsed.classpath" value="" />
    <property name="libs.spring-framework.src" value="" />
    <property name="netbeans.autoupdate.country" value="FI" />
    <property name="libs.beans-binding.maven-pom" value="" />
    <property name="do.mkdist" value="true" />
    <property name="javadoc.encoding" value="UTF-8" />
    <property name="java.awt.printerjob" value="apple.awt.CPrinterJob" />
    <property name="ap.processors.internal" value="" />
    <property name="do.archive" value="true" />
    <property name="dist.jar" value="dist/Spider-pasianssi.jar" />
    <property name="meta.inf.dir" value="src/META-INF" />
    <property name="ant.version" value="Apache Ant(TM) version 1.8.2 compiled on December 20 2010" />
    <property name="netbeans.home" value="/Applications/NetBeans/NetBeans 7.0.1.app/Contents/Resources/NetBeans/platform" />
    <property name="javadoc.nonavbar" value="false" />
    <property name="user.properties.file" value="/Users/Piia/.netbeans/7.0/build.properties" />
    <property name="libs.JWSAntTasks.classpath" value="/Applications/NetBeans/NetBeans 7.0.1.app/Contents/Resources/NetBeans/java/ant/extra/org-netbeans-modules-javawebstart-anttasks.jar" />
    <property name="libs.toplink.classpath" value="/Applications/NetBeans/NetBeans 7.0.1.app/Contents/Resources/NetBeans/java/modules/ext/toplink/toplink-essentials.jar:/Applications/NetBeans/NetBeans 7.0.1.app/Contents/Resources/NetBeans/java/modules/ext/toplink/toplink-essentials-agent.jar" />
    <property name="netbeans.importclass" value="org.netbeans.upgrade.AutoUpgrade" />
    <property name="libs.spring-framework.javadoc" value="" />
    <property name="gopherProxySet" value="false" />
    <property name="libs.CopyLibs.maven-pom" value="" />
    <property name="annotation.processing.source.output" value="build/generated-sources/ap-source-output" />
    <property name="build.generated.dir" value="build/generated" />
    <property name="netbeans.home+have.tests" value="true" />
    <property name="libs.eclipselink.maven-pom" value="" />
    <property name="apple.awt.graphics.UseQuartz" value="true" />
    <property name="os.name" value="Mac OS X" />
    <property name="java.specification.vendor" value="Sun Microsystems Inc." />
    <property name="run.test.classpath" value="/Applications/NetBeans/NetBeans 7.0.1.app/Contents/Resources/NetBeans/platform/modules/ext/swing-layout-1.0.4.jar:build/classes:/Applications/NetBeans/NetBeans 7.0.1.app/Contents/Resources/NetBeans/platform/modules/ext/junit-4.8.2.jar:build/test/classes" />
    <property name="mrj.build" value="11M3720" />
    <property name="do.archive+main.class.available" value="true" />
    <property name="libs.CopyLibs.src" value="" />
    <property name="java.vm.name" value="Java HotSpot(TM) 64-Bit Server VM" />
    <property name="manifest.available-mkdist.available" value="true" />
    <property name="org.openide.version" value="deprecated" />
    <property name="mrj.version" value="1070.1.6.0_33-424" />
    <property name="libs.beans-binding.src" value="" />
    <property name="libs.junit.classpath" value="/Applications/NetBeans/NetBeans 7.0.1.app/Contents/Resources/NetBeans/java/modules/ext/junit-3.8.2.jar" />
    <property name="java.library.path" value=".:/Library/Java/Extensions:/System/Library/Java/Extensions:/usr/lib/java" />
    <property name="ap.supported.internal" value="true" />
    <property name="libs.toplink.javadoc" value="" />
    <property name="libs.PostgreSQLDriver.javadoc" value="" />
    <property name="libs.eclipselinkmodelgen.maven-pom" value="" />
    <property name="ant.java.version" value="1.6" />
    <property name="java.class.version" value="50.0" />
    <property name="javadoc.noindex" value="false" />
    <property name="basedir" value="/Users/Piia/Desktop/Spider-pasianssi/Spider-pasianssi" />
    <property name="sun.awt.exception.handler" value="org.netbeans.core.startup.TopLogging$AWTHandler" />
    <property name="javac.test.classpath" value="/Applications/NetBeans/NetBeans 7.0.1.app/Contents/Resources/NetBeans/platform/modules/ext/swing-layout-1.0.4.jar:build/classes:/Applications/NetBeans/NetBeans 7.0.1.app/Contents/Resources/NetBeans/platform/modules/ext/junit-4.8.2.jar" />
    <property name="javac.processorpath" value="/Applications/NetBeans/NetBeans 7.0.1.app/Contents/Resources/NetBeans/platform/modules/ext/swing-layout-1.0.4.jar" />
    <property name="ant.home" value="/Applications/NetBeans/NetBeans 7.0.1.app/Contents/Resources/NetBeans/java/ant" />
    <property name="libs.hibernate-persistence.src" value="" />
    <property name="javadoc.splitindex" value="true" />
    <property name="libs.toplink.src" value="" />
    <property name="libs.javac-api.javadoc" value="" />
    <property name="javac.test.processorpath" value="/Applications/NetBeans/NetBeans 7.0.1.app/Contents/Resources/NetBeans/platform/modules/ext/swing-layout-1.0.4.jar:build/classes:/Applications/NetBeans/NetBeans 7.0.1.app/Contents/Resources/NetBeans/platform/modules/ext/junit-4.8.2.jar" />
    <property name="javadoc.preview" value="true" />
    <property name="libs.MySQLDriver.maven-pom" value="" />
    <property name="libs.CopyLibs.javadoc" value="" />
    <property name="libs.PostgreSQLDriver.classpath" value="/Applications/NetBeans/NetBeans 7.0.1.app/Contents/Resources/NetBeans/ide/modules/ext/postgresql-8.3-603.jdbc3.jar" />
    <property name="junit.forkmode" value="perTest" />
    <property name="libs.jaxws21.maven-pom" value="" />
    <property name="libs.junit_4.classpath" value="/Applications/NetBeans/NetBeans 7.0.1.app/Contents/Resources/NetBeans/platform/modules/ext/junit-4.8.2.jar" />
    <property name="build.dir" value="build" />
    <property name="sun.boot.library.path" value="/System/Library/Java/JavaVirtualMachines/1.6.0.jdk/Contents/Libraries" />
    <property name="application.title" value="Spider-pasianssi" />
    <property name="libs.swing-app-framework.classpath" value="/Applications/NetBeans/NetBeans 7.0.1.app/Contents/Resources/NetBeans/java/modules/ext/appframework-1.0.3.jar:/Applications/NetBeans/NetBeans 7.0.1.app/Contents/Resources/NetBeans/java/modules/ext/swing-worker-1.1.jar" />
    <property name="sun.management.compiler" value="HotSpot 64-Bit Tiered Compilers" />
    <property name="libs.ejb3-persistence.javadoc" value="" />
    <property name="java.awt.graphicsenv" value="apple.awt.CGraphicsEnvironment" />
    <property name="javadoc.encoding.used" value="UTF-8" />
    <property name="javadoc.windowtitle" value="" />
    <property name="libs.hibernate-support.src" value="" />
    <property name="annotation.processing.enabled" value="true" />
    <property name="com.apple.mrj.application.apple.menu.about.name" value="NetBeans" />
    <property name="build.generated.sources.dir" value="build/generated-sources" />
    <property name="run.jvmargs" value="" />
    <property name="build.compiler.emacs" value="true" />
    <property name="ant.project.name" value="Spider-pasianssi" />
    <property name="libs.swing-layout.classpath" value="/Applications/NetBeans/NetBeans 7.0.1.app/Contents/Resources/NetBeans/platform/modules/ext/swing-layout-1.0.4.jar" />
    <property name="libs.spring-framework.classpath" value="/Applications/NetBeans/NetBeans 7.0.1.app/Contents/Resources/NetBeans/ide/modules/ext/commons-logging-1.1.jar:/Applications/NetBeans/NetBeans 7.0.1.app/Contents/Resources/NetBeans/java/modules/ext/cglib-2.2.jar:/Applications/NetBeans/NetBeans 7.0.1.app/Contents/Resources/NetBeans/java/modules/ext/spring/spring-2.5.6.SEC01.jar" />
    <property name="java.vm.specification.version" value="1.0" />
    <property name="libs.jaxb.classpath" value="/Applications/NetBeans/NetBeans 7.0.1.app/Contents/Resources/NetBeans/ide/modules/ext/jaxb/jaxb-impl.jar:/Applications/NetBeans/NetBeans 7.0.1.app/Contents/Resources/NetBeans/ide/modules/ext/jaxb/jaxb-xjc.jar:/Applications/NetBeans/NetBeans 7.0.1.app/Contents/Resources/NetBeans/ide/modules/ext/jaxb/jaxb1-impl.jar:/Applications/NetBeans/NetBeans 7.0.1.app/Contents/Resources/NetBeans/ide/modules/ext/jaxb/activation.jar:/Applications/NetBeans/NetBeans 7.0.1.app/Contents/Resources/NetBeans/ide/modules/ext/jaxb/api/jaxb-api.jar:/Applications/NetBeans/NetBeans 7.0.1.app/Contents/Resources/NetBeans/ide/modules/ext/jaxb/api/jsr173_api.jar" />
    <property name="work.dir" value="/Users/Piia/Desktop/Spider-pasianssi/Spider-pasianssi" />
    <property name="awt.toolkit" value="apple.awt.CToolkit" />
    <property name="manifest.available+main.class-mkdist.available" value="true" />
    <property name="javadoc.use" value="true" />
    <property name="sun.cpu.isalist" value="" />
    <property name="ant.file.type.Spider-pasianssi-impl" value="file" />
    <property name="java.ext.dirs" value="/Library/Java/Extensions:/System/Library/Java/Extensions:/System/Library/Java/JavaVirtualMachines/1.6.0.jdk/Contents/Home/lib/ext" />
    <property name="os.version" value="10.7.4" />
    <property name="excludes" value="" />
    <property name="user.home" value="/Users/Piia" />
    <property name="org.xml.sax.driver" value="com.sun.org.apache.xerces.internal.jaxp.SAXParserImpl$JAXPSAXParser" />
    <property name="java.vm.vendor" value="Apple Inc." />
    <property name="libs.absolutelayout.maven-pom" value="" />
    <property name="user.dir" value="/Users/Piia/Desktop/Spider-pasianssi/Spider-pasianssi" />
    <property name="debug-transport" value="dt_socket" />
    <property name="libs.ejb3-persistence.maven-pom" value="" />
    <property name="application.args" value="" />
    <property name="sun.cpu.endian" value="little" />
    <property name="ant.file.Spider-pasianssi" value="/Users/Piia/Desktop/Spider-pasianssi/Spider-pasianssi/build.xml" />
    <property name="compile.on.save" value="true" />
    <property name="ignore.failing.tests" value="true" />
    <property name="libs.hibernate-support.classpath" value="/Applications/NetBeans/NetBeans 7.0.1.app/Contents/Resources/NetBeans/java/modules/ext/hibernate/antlr-2.7.6.jar:/Applications/NetBeans/NetBeans 7.0.1.app/Contents/Resources/NetBeans/java/modules/ext/hibernate/asm.jar:/Applications/NetBeans/NetBeans 7.0.1.app/Contents/Resources/NetBeans/java/modules/ext/hibernate/asm-attrs.jar:/Applications/NetBeans/NetBeans 7.0.1.app/Contents/Resources/NetBeans/java/modules/ext/hibernate/cglib-2.1.3.jar:/Applications/NetBeans/NetBeans 7.0.1.app/Contents/Resources/NetBeans/java/modules/ext/hibernate/commons-collections-2.1.1.jar:/Applications/NetBeans/NetBeans 7.0.1.app/Contents/Resources/NetBeans/ide/modules/ext/commons-logging-1.1.jar:/Applications/NetBeans/NetBeans 7.0.1.app/Contents/Resources/NetBeans/java/modules/ext/hibernate/dom4j-1.6.1.jar:/Applications/NetBeans/NetBeans 7.0.1.app/Contents/Resources/NetBeans/java/modules/ext/hibernate/ehcache-1.2.3.jar:/Applications/NetBeans/NetBeans 7.0.1.app/Contents/Resources/NetBeans/java/modules/ext/hibernate/jdbc2_0-stdext.jar:/Applications/NetBeans/NetBeans 7.0.1.app/Contents/Resources/NetBeans/java/modules/ext/hibernate/jta.jar:/Applications/NetBeans/NetBeans 7.0.1.app/Contents/Resources/NetBeans/java/modules/ext/hibernate/hibernate3.jar:/Applications/NetBeans/NetBeans 7.0.1.app/Contents/Resources/NetBeans/java/modules/ext/hibernate/hibernate-tools.jar:/Applications/NetBeans/NetBeans 7.0.1.app/Contents/Resources/NetBeans/java/modules/ext/hibernate/hibernate-annotations.jar:/Applications/NetBeans/NetBeans 7.0.1.app/Contents/Resources/NetBeans/java/modules/ext/hibernate/hibernate-commons-annotations.jar:/Applications/NetBeans/NetBeans 7.0.1.app/Contents/Resources/NetBeans/java/modules/ext/hibernate/hibernate-entitymanager.jar:/Applications/NetBeans/NetBeans 7.0.1.app/Contents/Resources/NetBeans/java/modules/ext/hibernate/javassist.jar" />
    <property name="libs.eclipselinkmodelgen.javadoc" value="" />
    <property name="endorsed.classpath.cmd.line.arg" value="" />
    <property name="jar.index" value="false" />
    <property name="libs.spring-framework300.javadoc" value="" />
    <property name="netbeans.automatic.build" value="true" />
    <property name="libs.MySQLDriver.src" value="" />
    <property name="java.vm.version" value="20.8-b03-424" />
    <property name="libs.hibernate-persistence.classpath" value="/Applications/NetBeans/NetBeans 7.0.1.app/Contents/Resources/NetBeans/java/modules/ext/hibernate/antlr-2.7.6.jar:/Applications/NetBeans/NetBeans 7.0.1.app/Contents/Resources/NetBeans/java/modules/ext/hibernate/asm.jar:/Applications/NetBeans/NetBeans 7.0.1.app/Contents/Resources/NetBeans/java/modules/ext/hibernate/asm-attrs.jar:/Applications/NetBeans/NetBeans 7.0.1.app/Contents/Resources/NetBeans/java/modules/ext/hibernate/cglib-2.1.3.jar:/Applications/NetBeans/NetBeans 7.0.1.app/Contents/Resources/NetBeans/java/modules/ext/hibernate/commons-collections-2.1.1.jar:/Applications/NetBeans/NetBeans 7.0.1.app/Contents/Resources/NetBeans/ide/modules/ext/commons-logging-1.1.jar:/Applications/NetBeans/NetBeans 7.0.1.app/Contents/Resources/NetBeans/java/modules/ext/hibernate/dom4j-1.6.1.jar:/Applications/NetBeans/NetBeans 7.0.1.app/Contents/Resources/NetBeans/java/modules/ext/hibernate/ehcache-1.2.3.jar:/Applications/NetBeans/NetBeans 7.0.1.app/Contents/Resources/NetBeans/java/modules/ext/hibernate/jdbc2_0-stdext.jar:/Applications/NetBeans/NetBeans 7.0.1.app/Contents/Resources/NetBeans/java/modules/ext/hibernate/jta.jar:/Applications/NetBeans/NetBeans 7.0.1.app/Contents/Resources/NetBeans/java/modules/ext/hibernate/hibernate3.jar:/Applications/NetBeans/NetBeans 7.0.1.app/Contents/Resources/NetBeans/java/modules/ext/hibernate/hibernate-tools.jar:/Applications/NetBeans/NetBeans 7.0.1.app/Contents/Resources/NetBeans/java/modules/ext/hibernate/hibernate-annotations.jar:/Applications/NetBeans/NetBeans 7.0.1.app/Contents/Resources/NetBeans/java/modules/ext/hibernate/hibernate-commons-annotations.jar:/Applications/NetBeans/NetBeans 7.0.1.app/Contents/Resources/NetBeans/java/modules/ext/hibernate/hibernate-entitymanager.jar:/Applications/NetBeans/NetBeans 7.0.1.app/Contents/Resources/NetBeans/java/modules/ext/hibernate/javassist.jar:/Applications/NetBeans/NetBeans 7.0.1.app/Contents/Resources/NetBeans/java/modules/ext/hibernate/ejb3-persistence.jar" />
    <property name="annotation.processing.processor.options" value="" />
    <property name="java.class.path" value="/Applications/NetBeans/NetBeans 7.0.1.app/Contents/Resources/NetBeans/platform/modules/ext/swing-layout-1.0.4.jar:/Users/Piia/Desktop/Spider-pasianssi/Spider-pasianssi/build/classes:/Applications/NetBeans/NetBeans 7.0.1.app/Contents/Resources/NetBeans/platform/modules/ext/junit-4.8.2.jar:/Users/Piia/Desktop/Spider-pasianssi/Spider-pasianssi/build/test/classes:/Applications/NetBeans/NetBeans 7.0.1.app/Contents/Resources/NetBeans/java/ant/lib/ant-launcher.jar:/Applications/NetBeans/NetBeans 7.0.1.app/Contents/Resources/NetBeans/java/ant/lib/ant.jar:/Applications/NetBeans/NetBeans 7.0.1.app/Contents/Resources/NetBeans/java/ant/lib/ant-junit.jar:/Applications/NetBeans/NetBeans 7.0.1.app/Contents/Resources/NetBeans/java/ant/lib/ant-junit4.jar" />
    <property name="os.arch" value="x86_64" />
    <property name="javac.deprecation" value="false" />
    <property name="build.classes.excludes" value="**/*.java,**/*.form" />
    <property name="dist.dir" value="dist" />
    <property name="netbeans.user" value="/Users/Piia/.netbeans/7.0" />
    <property name="debug.classpath" value="/Applications/NetBeans/NetBeans 7.0.1.app/Contents/Resources/NetBeans/platform/modules/ext/swing-layout-1.0.4.jar:build/classes" />
    <property name="sun.java.launcher" value="SUN_STANDARD" />
    <property name="jar.index.metainf" value="false" />
    <property name="annotation.processing.enabled.in.editor" value="false" />
    <property name="ant.core.lib" value="/Applications/NetBeans/NetBeans 7.0.1.app/Contents/Resources/NetBeans/java/ant/lib/ant.jar" />
    <property name="java.vm.specification.vendor" value="Sun Microsystems Inc." />
    <property name="do.depend" value="false" />
    <property name="file.separator" value="/" />
    <property name="java.runtime.version" value="1.6.0_33-b03-424-11M3720" />
    <property name="sun.boot.class.path" value="/System/Library/Java/JavaVirtualMachines/1.6.0.jdk/Contents/Classes/jsfd.jar:/System/Library/Java/JavaVirtualMachines/1.6.0.jdk/Contents/Classes/classes.jar:/System/Library/Frameworks/JavaVM.framework/Frameworks/JavaRuntimeSupport.framework/Resources/Java/JavaRuntimeSupport.jar:/System/Library/Java/JavaVirtualMachines/1.6.0.jdk/Contents/Classes/ui.jar:/System/Library/Java/JavaVirtualMachines/1.6.0.jdk/Contents/Classes/laf.jar:/System/Library/Java/JavaVirtualMachines/1.6.0.jdk/Contents/Classes/sunrsasign.jar:/System/Library/Java/JavaVirtualMachines/1.6.0.jdk/Contents/Classes/jsse.jar:/System/Library/Java/JavaVirtualMachines/1.6.0.jdk/Contents/Classes/jce.jar:/System/Library/Java/JavaVirtualMachines/1.6.0.jdk/Contents/Classes/charsets.jar" />
    <property name="debug.test.classpath" value="/Applications/NetBeans/NetBeans 7.0.1.app/Contents/Resources/NetBeans/platform/modules/ext/swing-layout-1.0.4.jar:build/classes:/Applications/NetBeans/NetBeans 7.0.1.app/Contents/Resources/NetBeans/platform/modules/ext/junit-4.8.2.jar:build/test/classes" />
    <property name="libs.beans-binding.classpath" value="/Applications/NetBeans/NetBeans 7.0.1.app/Contents/Resources/NetBeans/java/modules/ext/beansbinding-1.2.1.jar" />
    <property name="main.class" value="Kayttoliittyma.Main" />
    <property name="have.tests" value="true" />
    <property name="libs.JWSAntTasks.maven-pom" value="" />
    <property name="java.util.logging.config.class" value="org.netbeans.core.startup.TopLogging" />
    <property name="libs.javac-api.classpath" value="/Applications/NetBeans/NetBeans 7.0.1.app/Contents/Resources/NetBeans/java/modules/ext/javac-api-nb-7.0-b07.jar" />
    <property name="ant.file.type.Spider-pasianssi" value="file" />
    <property name="user.country" value="FI" />
    <property name="javadoc.notree" value="false" />
    <property name="libs.spring-framework300.maven-pom" value="" />
    <property name="libs.jaxws21.javadoc" value="/Applications/NetBeans/NetBeans 7.0.1.app/Contents/Resources/NetBeans/java/docs/jaxws-api-doc.zip" />
    <property name="default.javac.target" value="1.6" />
    <property name="javac.classpath" value="/Applications/NetBeans/NetBeans 7.0.1.app/Contents/Resources/NetBeans/platform/modules/ext/swing-layout-1.0.4.jar" />
    <property name="javadoc.additionalparam" value="" />
    <property name="build.classes.dir" value="build/classes" />
    <property name="do.archive+manifest.available" value="true" />
    <property name="libs.swing-layout.src" value="/Applications/NetBeans/NetBeans 7.0.1.app/Contents/Resources/NetBeans/platform/docs/swing-layout-1.0.4-src.zip" />
    <property name="libs.swing-layout.javadoc" value="/Applications/NetBeans/NetBeans 7.0.1.app/Contents/Resources/NetBeans/platform/docs/swing-layout-1.0.4-doc.zip" />
    <property name="java.vendor" value="Apple Inc." />
    <property name="javac.target" value="1.6" />
    <property name="libs.eclipselink.classpath" value="/Applications/NetBeans/NetBeans 7.0.1.app/Contents/Resources/NetBeans/java/modules/ext/eclipselink/eclipselink-2.2.0.jar:/Applications/NetBeans/NetBeans 7.0.1.app/Contents/Resources/NetBeans/java/modules/ext/eclipselink/eclipselink-javax.persistence-2.0.jar" />
    <property name="awt.nativeDoubleBuffering" value="true" />
    <property name="runtime.encoding" value="UTF-8" />
    <property name="libs.swing-app-framework.src" value="" />
    <property name="java.specification.version" value="1.6" />
    <property name="libs.JWSAntTasks.javadoc" value="" />
    <property name="mkdist.disabled" value="false" />
    <property name="sun.arch.data.model" value="64" />
  </properties>
  <testcase classname="Peli.PinoTest" name="lisaaYksiKorttiTest" time="0.0050" />
  <testcase classname="Peli.PinoTest" name="lisaaListaKorttejaTest" time="0.0" />
  <testcase classname="Peli.PinoTest" name="poistaYksiKorttiTest" time="0.0" />
  <testcase classname="Peli.PinoTest" name="poistaUseitaKorttejaTest" time="0.0" />
  <testcase classname="Peli.PinoTest" name="poistaKunPinoOnTyhjaTest" time="0.0" />
  <testcase classname="Peli.PinoTest" name="poistaLiianIsollaIndeksillaTest" time="0.0" />
  <testcase classname="Peli.PinoTest" name="voikoLisataTest" time="0.0010" />
  <testcase classname="Peli.PinoTest" name="voikoPoistaaTest" time="0.0010" />
  <testcase classname="Peli.PinoTest" name="pinoOnTyhjaTest" time="0.0" />
  <testcase classname="Peli.PinoTest" name="pinoEiOleTyhjaTest" time="0.0010" />
  <testcase classname="Peli.PinoTest" name="paivitaTest" time="0.0" />
  <system-out><![CDATA[]]></system-out>
  <system-err><![CDATA[]]></system-err>
</testsuite>
